#
# There is insufficient memory for the Java Runtime Environment to continue.
# Native memory allocation (mmap) failed to map 536870912 bytes for G1 virtual space
# Possible reasons:
#   The system is out of physical RAM or swap space
#   The process is running with CompressedOops enabled, and the Java Heap may be blocking the growth of the native heap
# Possible solutions:
#   Reduce memory load on the system
#   Increase physical memory or swap space
#   Check if swap backing store is full
#   Decrease Java heap size (-Xmx/-Xms)
#   Decrease number of Java threads
#   Decrease Java thread stack sizes (-Xss)
#   Set larger code cache with -XX:ReservedCodeCacheSize=
#   JVM is running with Zero Based Compressed Oops mode in which the Java heap is
#     placed in the first 32GB address space. The Java Heap base address is the
#     maximum limit for the native heap growth. Please use -XX:HeapBaseMinAddress
#     to set the Java Heap base and to place the Java Heap above 32GB virtual address.
# This output file may be truncated or incomplete.
#
#  Out of Memory Error (os_windows.cpp:3550), pid=27128, tid=15452
#
# JRE version:  (17.0.7+8) (build )
# Java VM: Java HotSpot(TM) 64-Bit Server VM (17.0.7+8-LTS-224, mixed mode, sharing, tiered, compressed oops, compressed class ptrs, g1 gc, windows-amd64)
# No core dump will be written. Minidumps are not enabled by default on client versions of Windows
#

---------------  S U M M A R Y ------------

Command Line: -javaagent:C:\Program Files\JetBrains\IntelliJ IDEA Community Edition 2022.3.2\lib\idea_rt.jar=54658:C:\Program Files\JetBrains\IntelliJ IDEA Community Edition 2022.3.2\bin -Dfile.encoding=UTF-8 lt.academy.javau5.pizza.PizzeriaaBackEndApplication

Host: Intel(R) Core(TM) i7-10750H CPU @ 2.60GHz, 12 cores, 31G,  Windows 11 , 64 bit Build 22621 (10.0.22621.1928)
Time: Tue Aug 15 16:51:10 2023 FLE Daylight Time elapsed time: 0.013984 seconds (0d 0h 0m 0s)

---------------  T H R E A D  ---------------

Current thread (0x0000020c88290010):  JavaThread "Unknown thread" [_thread_in_vm, id=15452, stack(0x000000e296c00000,0x000000e296d00000)]

Stack: [0x000000e296c00000,0x000000e296d00000]
Native frames: (J=compiled Java code, j=interpreted, Vv=VM code, C=native code)
V  [jvm.dll+0x676a4a]
V  [jvm.dll+0x7d74f4]
V  [jvm.dll+0x7d8c9e]
V  [jvm.dll+0x7d9303]
V  [jvm.dll+0x2452c5]
V  [jvm.dll+0x6738f9]
V  [jvm.dll+0x668232]
V  [jvm.dll+0x302826]
V  [jvm.dll+0x309da6]
V  [jvm.dll+0x35952e]
V  [jvm.dll+0x35975f]
V  [jvm.dll+0x2d9a38]
V  [jvm.dll+0x2da9a4]
V  [jvm.dll+0x7a8fb1]
V  [jvm.dll+0x3670e1]
V  [jvm.dll+0x788359]
V  [jvm.dll+0x3ea5ef]
V  [jvm.dll+0x3ec071]
C  [jli.dll+0x5297]
C  [ucrtbase.dll+0x29363]
C  [KERNEL32.DLL+0x126ad]
C  [ntdll.dll+0x5aa68]


---------------  P R O C E S S  ---------------

Threads class SMR info:
_java_thread_list=0x00007ff900744998, length=0, elements={
}

Java Threads: ( => current thread )

Other Threads:
  0x0000020c8833fa90 GCTaskThread "GC Thread#0" [stack: 0x000000e296d00000,0x000000e296e00000] [id=19716]
  0x0000020c8615df50 ConcurrentGCThread "G1 Main Marker" [stack: 0x000000e296e00000,0x000000e296f00000] [id=20036]
  0x0000020c8615e960 ConcurrentGCThread "G1 Conc#0" [stack: 0x000000e296f00000,0x000000e297000000] [id=35496]

[error occurred during error reporting (printing all threads), id 0xc0000005, EXCEPTION_ACCESS_VIOLATION (0xc0000005) at pc=0x00007ff8fff7a697]

VM state: not at safepoint (not fully initialized)

VM Mutex/Monitor currently owned by a thread:  ([mutex/lock_event])
[0x0000020c8828c8b0] Heap_lock - owner thread: 0x0000020c88290010

Heap address: 0x0000000602c00000, size: 8148 MB, Compressed Oops mode: Zero based, Oop shift amount: 3

CDS archive(s) mapped at: [0x0000000000000000-0x0000000000000000-0x0000000000000000), size 0, SharedBaseAddress: 0x0000000800000000, ArchiveRelocationMode: 0.
Narrow klass base: 0x0000000000000000, Narrow klass shift: 0, Narrow klass range: 0x0

GC Precious Log:
<Empty>

Heap:
 garbage-first heap   total 0K, used 0K [0x0000000602c00000, 0x0000000800000000)
  region size 4096K, 0 young (0K), 0 survivors (0K)

[error occurred during error reporting (printing heap information), id 0xc0000005, EXCEPTION_ACCESS_VIOLATION (0xc0000005) at pc=0x00007ff9003600b9]

GC Heap History (0 events):
No events

Deoptimization events (0 events):
No events

Classes unloaded (0 events):
No events

Classes redefined (0 events):
No events

Internal exceptions (0 events):
No events

VM Operations (0 events):
No events

Events (1 events):
Event: 0.007 Loaded shared library C:\Program Files\Java\jdk-17\bin\java.dll


Dynamic libraries:
0x00007ff7226e0000 - 0x00007ff7226f0000 	C:\Program Files\Java\jdk-17\bin\java.exe
0x00007ff97d1f0000 - 0x00007ff97d404000 	C:\WINDOWS\SYSTEM32\ntdll.dll
0x00007ff97bd00000 - 0x00007ff97bdc2000 	C:\WINDOWS\System32\KERNEL32.DLL
0x00007ff97a9c0000 - 0x00007ff97ad63000 	C:\WINDOWS\System32\KERNELBASE.dll
0x00007ff97ae80000 - 0x00007ff97af91000 	C:\WINDOWS\System32\ucrtbase.dll
0x00007ff976ef0000 - 0x00007ff976f09000 	C:\Program Files\Java\jdk-17\bin\jli.dll
0x00007ff977830000 - 0x00007ff97784b000 	C:\Program Files\Java\jdk-17\bin\VCRUNTIME140.dll
0x00007ff97d000000 - 0x00007ff97d0ae000 	C:\WINDOWS\System32\ADVAPI32.dll
0x00007ff97bde0000 - 0x00007ff97be87000 	C:\WINDOWS\System32\msvcrt.dll
0x00007ff97b520000 - 0x00007ff97b5c4000 	C:\WINDOWS\System32\sechost.dll
0x00007ff97baa0000 - 0x00007ff97bbb7000 	C:\WINDOWS\System32\RPCRT4.dll
0x00007ff97b0f0000 - 0x00007ff97b29a000 	C:\WINDOWS\System32\USER32.dll
0x00007ff97afa0000 - 0x00007ff97afc6000 	C:\WINDOWS\System32\win32u.dll
0x00007ff95f480000 - 0x00007ff95f70e000 	C:\WINDOWS\WinSxS\amd64_microsoft.windows.common-controls_6595b64144ccf1df_6.0.22621.1635_none_270f70857386168e\COMCTL32.dll
0x00007ff97cdb0000 - 0x00007ff97cdd9000 	C:\WINDOWS\System32\GDI32.dll
0x00007ff97a730000 - 0x00007ff97a849000 	C:\WINDOWS\System32\gdi32full.dll
0x00007ff97ade0000 - 0x00007ff97ae7a000 	C:\WINDOWS\System32\msvcp_win.dll
0x00007ff9700a0000 - 0x00007ff9700aa000 	C:\WINDOWS\SYSTEM32\VERSION.dll
0x00007ff97b5e0000 - 0x00007ff97b611000 	C:\WINDOWS\System32\IMM32.DLL
0x00007ff977010000 - 0x00007ff97701c000 	C:\Program Files\Java\jdk-17\bin\vcruntime140_1.dll
0x00007ff95ff60000 - 0x00007ff95ffee000 	C:\Program Files\Java\jdk-17\bin\msvcp140.dll
0x00007ff8ffc90000 - 0x00007ff90086d000 	C:\Program Files\Java\jdk-17\bin\server\jvm.dll
0x00007ff97b0e0000 - 0x00007ff97b0e8000 	C:\WINDOWS\System32\PSAPI.DLL
0x00007ff965360000 - 0x00007ff965369000 	C:\WINDOWS\SYSTEM32\WSOCK32.dll
0x00007ff973520000 - 0x00007ff973554000 	C:\WINDOWS\SYSTEM32\WINMM.dll
0x00007ff97cde0000 - 0x00007ff97ce51000 	C:\WINDOWS\System32\WS2_32.dll
0x00007ff9796e0000 - 0x00007ff9796f8000 	C:\WINDOWS\SYSTEM32\kernel.appcore.dll
0x00007ff973f60000 - 0x00007ff973f6a000 	C:\Program Files\Java\jdk-17\bin\jimage.dll
0x00007ff9659c0000 - 0x00007ff965bee000 	C:\WINDOWS\SYSTEM32\DBGHELP.DLL
0x00007ff97c8c0000 - 0x00007ff97cc49000 	C:\WINDOWS\System32\combase.dll
0x00007ff97b440000 - 0x00007ff97b517000 	C:\WINDOWS\System32\OLEAUT32.dll
0x00007ff962780000 - 0x00007ff9627b2000 	C:\WINDOWS\SYSTEM32\dbgcore.DLL
0x00007ff97a6b0000 - 0x00007ff97a72a000 	C:\WINDOWS\System32\bcryptPrimitives.dll
0x00007ff9721d0000 - 0x00007ff9721de000 	C:\Program Files\Java\jdk-17\bin\instrument.dll
0x00007ff9644c0000 - 0x00007ff9644e5000 	C:\Program Files\Java\jdk-17\bin\java.dll

dbghelp: loaded successfully - version: 4.0.5 - missing functions: none
symbol engine: initialized successfully - sym options: 0x614 - pdb path: .;C:\Program Files\Java\jdk-17\bin;C:\WINDOWS\SYSTEM32;C:\WINDOWS\WinSxS\amd64_microsoft.windows.common-controls_6595b64144ccf1df_6.0.22621.1635_none_270f70857386168e;C:\Program Files\Java\jdk-17\bin\server

VM Arguments:
jvm_args: -javaagent:C:\Program Files\JetBrains\IntelliJ IDEA Community Edition 2022.3.2\lib\idea_rt.jar=54658:C:\Program Files\JetBrains\IntelliJ IDEA Community Edition 2022.3.2\bin -Dfile.encoding=UTF-8 
java_command: lt.academy.javau5.pizza.PizzeriaaBackEndApplication
java_class_path (initial): M:\projects\spring_projects\baigiamasis_darbas\BaigiamasisDarbas_Picerija\target\classes;C:\Users\Maxim\.m2\repository\org\springframework\boot\spring-boot-starter-data-jpa\3.1.2\spring-boot-starter-data-jpa-3.1.2.jar;C:\Users\Maxim\.m2\repository\org\springframework\boot\spring-boot-starter-aop\3.1.2\spring-boot-starter-aop-3.1.2.jar;C:\Users\Maxim\.m2\repository\org\aspectj\aspectjweaver\1.9.19\aspectjweaver-1.9.19.jar;C:\Users\Maxim\.m2\repository\org\springframework\boot\spring-boot-starter-jdbc\3.1.2\spring-boot-starter-jdbc-3.1.2.jar;C:\Users\Maxim\.m2\repository\com\zaxxer\HikariCP\5.0.1\HikariCP-5.0.1.jar;C:\Users\Maxim\.m2\repository\org\springframework\spring-jdbc\6.0.11\spring-jdbc-6.0.11.jar;C:\Users\Maxim\.m2\repository\org\hibernate\orm\hibernate-core\6.2.6.Final\hibernate-core-6.2.6.Final.jar;C:\Users\Maxim\.m2\repository\jakarta\persistence\jakarta.persistence-api\3.1.0\jakarta.persistence-api-3.1.0.jar;C:\Users\Maxim\.m2\repository\jakarta\transaction\jakarta.transaction-api\2.0.1\jakarta.transaction-api-2.0.1.jar;C:\Users\Maxim\.m2\repository\org\jboss\logging\jboss-logging\3.5.3.Final\jboss-logging-3.5.3.Final.jar;C:\Users\Maxim\.m2\repository\org\hibernate\common\hibernate-commons-annotations\6.0.6.Final\hibernate-commons-annotations-6.0.6.Final.jar;C:\Users\Maxim\.m2\repository\io\smallrye\jandex\3.0.5\jandex-3.0.5.jar;C:\Users\Maxim\.m2\repository\com\fasterxml\classmate\1.5.1\classmate-1.5.1.jar;C:\Users\Maxim\.m2\repository\net\bytebuddy\byte-buddy\1.14.5\byte-buddy-1.14.5.jar;C:\Users\Maxim\.m2\repository\org\glassfish\jaxb\jaxb-runtime\4.0.3\jaxb-runtime-4.0.3.jar;C:\Users\Maxim\.m2\repository\org\glassfish\jaxb\jaxb-core\4.0.3\jaxb-core-4.0.3.jar;C:\Users\Maxim\.m2\repository\org\eclipse\angus\angus-activation\2.0.1\angus-activation-2.0.1.jar;C:\Users\Maxim\.m2\repository\org\glassfish\jaxb\txw2\4.0.3\txw2-4.0.3.jar;C:\Users\Maxim\.m2\repository\com\sun\istack\istack-commons-runtime\4.1.2\istack-commons-runtime
Launcher Type: SUN_STANDARD

[Global flags]
     intx CICompilerCount                          = 4                                         {product} {ergonomic}
     uint ConcGCThreads                            = 3                                         {product} {ergonomic}
     uint G1ConcRefinementThreads                  = 10                                        {product} {ergonomic}
   size_t G1HeapRegionSize                         = 4194304                                   {product} {ergonomic}
    uintx GCDrainStackTargetSize                   = 64                                        {product} {ergonomic}
   size_t InitialHeapSize                          = 536870912                                 {product} {ergonomic}
   size_t MarkStackSize                            = 4194304                                   {product} {ergonomic}
   size_t MaxHeapSize                              = 8543797248                                {product} {ergonomic}
   size_t MinHeapDeltaBytes                        = 4194304                                   {product} {ergonomic}
   size_t MinHeapSize                              = 8388608                                   {product} {ergonomic}
    uintx NonNMethodCodeHeapSize                   = 5839372                                {pd product} {ergonomic}
    uintx NonProfiledCodeHeapSize                  = 122909434                              {pd product} {ergonomic}
    uintx ProfiledCodeHeapSize                     = 122909434                              {pd product} {ergonomic}
    uintx ReservedCodeCacheSize                    = 251658240                              {pd product} {ergonomic}
     bool SegmentedCodeCache                       = true                                      {product} {ergonomic}
   size_t SoftMaxHeapSize                          = 8543797248                             {manageable} {ergonomic}
     bool UseCompressedClassPointers               = true                           {product lp64_product} {ergonomic}
     bool UseCompressedOops                        = true                           {product lp64_product} {ergonomic}
     bool UseG1GC                                  = true                                      {product} {ergonomic}
     bool UseLargePagesIndividualAllocation        = false                                  {pd product} {ergonomic}

Logging:
Log output configuration:
 #0: stdout all=warning uptime,level,tags
 #1: stderr all=off uptime,level,tags

Environment Variables:
PATH=C:\Program Files\Java\jdk-20\bin;C:\Program Files\Common Files\Oracle\Java\javapath;C:\Program Files (x86)\Common Files\Oracle\Java\javapath;C:\Program Files (x86)\Common Files\Intel\Shared Libraries\redist\intel64\compiler;M:\VulkanSDK\1.2.198.1\Bin;c:\windows\system32;c:\windows;c:\windows\system32\wbem;c:\windows\system32\windowspowershell\v1.0\;c:\windows\system32\openssh\;c:\program files\microsoft sql server\120\tools\binn\;C:\Program Files (x86)\PWPW\;C:\Program Files\PWPW\;C:\Program Files (x86)\IDEMIA\AWP\Dlls;C:\Program Files\IDEMIA\AWP\Dlls;C:\Program Files\Microsoft SQL Server\Client SDK\ODBC\170\Tools\Binn\;C:\Program Files (x86)\Microsoft SQL Server\150\Tools\Binn\;C:\Program Files\Microsoft SQL Server\150\Tools\Binn\;C:\Program Files\Microsoft SQL Server\150\DTS\Binn\;C:\Program Files (x86)\Windows Kits\8.1\Windows Performance Toolkit\;C:\WINDOWS\system32;C:\WINDOWS;C:\WINDOWS\System32\Wbem;C:\WINDOWS\System32\WindowsPowerShell\v1.0\;C:\WINDOWS\System32\OpenSSH\;C:\Program Files (x86)\NVIDIA Corporation\PhysX\Common;C:\Program Files\Git\cmd;;M:\Program Files\Microsoft VS Code\bin;M:\Program Files\nodejs\;C:\Program Files\Docker\Docker\resources\bin;C:\minikube;C:\Program Files\MySQL\MySQL Shell 8.0\bin\;C:\Users\Maxim\AppData\Local\Microsoft\WindowsApps;C:\Users\Maxim\AppData\Local\GitHubDesktop\bin;C:\Users\Maxim\AppData\Roaming\npm
USERNAME=Maxim
OS=Windows_NT
PROCESSOR_IDENTIFIER=Intel64 Family 6 Model 165 Stepping 2, GenuineIntel



---------------  S Y S T E M  ---------------

OS:
 Windows 11 , 64 bit Build 22621 (10.0.22621.1928)
OS uptime: 1 days 9:26 hours
Hyper-V role detected

CPU: total 12 (initial active 12) (6 cores per cpu, 2 threads per core) family 6 model 165 stepping 2 microcode 0xe0, cx8, cmov, fxsr, ht, mmx, 3dnowpref, sse, sse2, sse3, ssse3, sse4.1, sse4.2, popcnt, lzcnt, tsc, tscinvbit, avx, avx2, aes, erms, clmul, bmi1, bmi2, adx, fma, vzeroupper, clflush, clflushopt, hv

Memory: 4k page, system-wide physical 32585M (12625M free)
TotalPageFile size 32585M (AvailPageFile size 209M)
current process WorkingSet (physical memory assigned to process): 11M, peak: 11M
current process commit charge ("private bytes"): 64M, peak: 576M

vm_info: Java HotSpot(TM) 64-Bit Server VM (17.0.7+8-LTS-224) for windows-amd64 JRE (17.0.7+8-LTS-224), built on Feb 28 2023 23:03:02 by "mach5one" with MS VC++ 17.1 (VS2022)

END.
